<?xml version="1.0" encoding="UTF-8"?>
<testsuite xmlns:xsi="http://www.w3.org/2001/XMLSchema-instance" xsi:noNamespaceSchemaLocation="https://maven.apache.org/surefire/maven-surefire-plugin/xsd/surefire-test-report-3.0.xsd" version="3.0" name="test.user.dao.UserDaoImplTest" time="5.209" tests="4" errors="0" skipped="0" failures="0">
  <properties>
[...]
</properties>
  <testcase name="testgetAll" classname="test.user.dao.UserDaoImplTest" time="0.543">
    <system-out><![CDATA[Hibernate: insert into users (age, created_at, email, name) values (?, ?, ?, ?)
Hibernate: select user0_.user_id as user_id1_0_, user0_.age as age2_0_, user0_.created_at as created_3_0_, user0_.email as email4_0_, user0_.name as name5_0_ from users user0_
Hibernate: select user0_.user_id as user_id1_0_0_, user0_.age as age2_0_0_, user0_.created_at as created_3_0_0_, user0_.email as email4_0_0_, user0_.name as name5_0_0_ from users user0_ where user0_.user_id=?
Hibernate: delete from users where user_id=?
]]></system-out>
    <system-err><![CDATA[log4j:WARN No appenders could be found for logger (org.jboss.logging).
log4j:WARN Please initialize the log4j system properly.
log4j:WARN See http://logging.apache.org/log4j/1.2/faq.html#noconfig for more info.
]]></system-err>
  </testcase>
  <testcase name="testGetById" classname="test.user.dao.UserDaoImplTest" time="0.028">
    <system-out><![CDATA[Hibernate: insert into users (age, created_at, email, name) values (?, ?, ?, ?)
Hibernate: select user0_.user_id as user_id1_0_0_, user0_.age as age2_0_0_, user0_.created_at as created_3_0_0_, user0_.email as email4_0_0_, user0_.name as name5_0_0_ from users user0_ where user0_.user_id=?
Hibernate: select user0_.user_id as user_id1_0_0_, user0_.age as age2_0_0_, user0_.created_at as created_3_0_0_, user0_.email as email4_0_0_, user0_.name as name5_0_0_ from users user0_ where user0_.user_id=?
Hibernate: delete from users where user_id=?
]]></system-out>
  </testcase>
  <testcase name="testCreate" classname="test.user.dao.UserDaoImplTest" time="0.02">
    <system-out><![CDATA[Hibernate: insert into users (age, created_at, email, name) values (?, ?, ?, ?)
Hibernate: select user0_.user_id as user_id1_0_0_, user0_.age as age2_0_0_, user0_.created_at as created_3_0_0_, user0_.email as email4_0_0_, user0_.name as name5_0_0_ from users user0_ where user0_.user_id=?
Hibernate: select user0_.user_id as user_id1_0_0_, user0_.age as age2_0_0_, user0_.created_at as created_3_0_0_, user0_.email as email4_0_0_, user0_.name as name5_0_0_ from users user0_ where user0_.user_id=?
Hibernate: delete from users where user_id=?
]]></system-out>
  </testcase>
  <testcase name="testUpdate" classname="test.user.dao.UserDaoImplTest" time="0.057">
    <system-out><![CDATA[Hibernate: insert into users (age, created_at, email, name) values (?, ?, ?, ?)
Hibernate: update users set age=?, created_at=?, email=?, name=? where user_id=?
Hibernate: select user0_.user_id as user_id1_0_0_, user0_.age as age2_0_0_, user0_.created_at as created_3_0_0_, user0_.email as email4_0_0_, user0_.name as name5_0_0_ from users user0_ where user0_.user_id=?
Hibernate: select user0_.user_id as user_id1_0_0_, user0_.age as age2_0_0_, user0_.created_at as created_3_0_0_, user0_.email as email4_0_0_, user0_.name as name5_0_0_ from users user0_ where user0_.user_id=?
Hibernate: delete from users where user_id=?
]]></system-out>
  </testcase>
</testsuite>